-------------------------------------------------------------------------------
Test set: TestRunner.Runner
-------------------------------------------------------------------------------
Tests run: 4, Failures: 1, Errors: 0, Skipped: 0, Time elapsed: 8.566 s <<< FAILURE! - in TestRunner.Runner
Voting App Features.Voting App vote in Dogs #2  Time elapsed: 1.919 s  <<< FAILURE!
org.junit.ComparisonFailure: expected:<Cats - 0 | Dogs - [1]> but was:<Cats - 0 | Dogs - [0]>
	at org.junit.Assert.assertEquals(Assert.java:117)
	at org.junit.Assert.assertEquals(Assert.java:146)
	at StepDefinations.VotingAppSteps.user_click_on_reset_button(VotingAppSteps.java:64)
	at âœ½.User click on Reset button(file:///C:/Users/mrsna/eclipse-workspace/AKS_VotingApp_Cucumber_Automation/src/test/java/features/VotingApp.feature:26)

